app/build/intermediates/manifest_merge_blame_file/debug/manifest-merger-blame-debug-report.txt
1<?xml version="1.0" encoding="utf-8"?>
2<manifest xmlns:android="http://schemas.android.com/apk/res/android"
3    package="com.assistant.overlay"
4    android:versionCode="1"
5    android:versionName="1.0-SECURE-LOCKED" >
6
7    <uses-sdk
8        android:minSdkVersion="26"
9        android:targetSdkVersion="34" />
10
11    <uses-permission android:name="android.permission.POST_NOTIFICATIONS" />
11-->src/main/AndroidManifest.xml:3:5-77
11-->src/main/AndroidManifest.xml:3:22-74
12    <uses-permission android:name="android.permission.READ_EXTERNAL_STORAGE" />
12-->src/main/AndroidManifest.xml:4:5-80
12-->src/main/AndroidManifest.xml:4:22-77
13    <uses-permission android:name="android.permission.WRITE_EXTERNAL_STORAGE" />
13-->src/main/AndroidManifest.xml:5:5-81
13-->src/main/AndroidManifest.xml:5:22-78
14    <uses-permission android:name="android.permission.INTERNET" />
14-->src/main/AndroidManifest.xml:6:5-67
14-->src/main/AndroidManifest.xml:6:22-64
15    <uses-permission android:name="android.permission.SYSTEM_ALERT_WINDOW" />
15-->src/main/AndroidManifest.xml:7:5-78
15-->src/main/AndroidManifest.xml:7:22-75
16    <uses-permission android:name="android.permission.FOREGROUND_SERVICE" />
16-->src/main/AndroidManifest.xml:8:5-77
16-->src/main/AndroidManifest.xml:8:22-74
17    <uses-permission android:name="android.permission.FOREGROUND_SERVICE_MEDIA_PROJECTION" />
17-->src/main/AndroidManifest.xml:9:5-94
17-->src/main/AndroidManifest.xml:9:22-91
18    <uses-permission android:name="android.permission.REQUEST_INSTALL_PACKAGES" />
18-->src/main/AndroidManifest.xml:10:5-83
18-->src/main/AndroidManifest.xml:10:22-80
19    <uses-permission android:name="android.permission.REQUEST_IGNORE_BATTERY_OPTIMIZATIONS" />
19-->src/main/AndroidManifest.xml:11:5-95
19-->src/main/AndroidManifest.xml:11:22-92
20
21    <permission
21-->[androidx.core:core:1.12.0] AndroidManifest.xml:22:5-24:47
22        android:name="com.assistant.overlay.DYNAMIC_RECEIVER_NOT_EXPORTED_PERMISSION"
22-->[androidx.core:core:1.12.0] AndroidManifest.xml:23:9-81
23        android:protectionLevel="signature" />
23-->[androidx.core:core:1.12.0] AndroidManifest.xml:24:9-44
24
25    <uses-permission android:name="com.assistant.overlay.DYNAMIC_RECEIVER_NOT_EXPORTED_PERMISSION" /> <!-- Although the *SdkVersion is captured in gradle build files, this is required for non gradle builds -->
25-->[androidx.core:core:1.12.0] AndroidManifest.xml:26:5-97
25-->[androidx.core:core:1.12.0] AndroidManifest.xml:26:22-94
26    <!-- <uses-sdk android:minSdkVersion="14"/> -->
27    <uses-permission android:name="android.permission.ACCESS_NETWORK_STATE" />
27-->[com.google.android.datatransport:transport-backend-cct:2.3.3] AndroidManifest.xml:25:5-79
27-->[com.google.android.datatransport:transport-backend-cct:2.3.3] AndroidManifest.xml:25:22-76
28
29    <application
29-->src/main/AndroidManifest.xml:13:5-50:19
30        android:allowBackup="false"
30-->src/main/AndroidManifest.xml:14:9-36
31        android:appComponentFactory="androidx.core.app.CoreComponentFactory"
31-->[androidx.core:core:1.12.0] AndroidManifest.xml:28:18-86
32        android:debuggable="true"
33        android:extractNativeLibs="false"
33-->src/main/AndroidManifest.xml:15:9-42
34        android:hardwareAccelerated="true"
34-->src/main/AndroidManifest.xml:18:9-43
35        android:label="Splendor Assist"
35-->src/main/AndroidManifest.xml:16:9-40
36        android:supportsRtl="true"
36-->src/main/AndroidManifest.xml:17:9-35
37        android:theme="@style/Theme.AppCompat.NoActionBar" >
37-->src/main/AndroidManifest.xml:19:9-59
38        <service
38-->src/main/AndroidManifest.xml:21:9-26:63
39            android:name="com.assistant.OverlayService"
39-->src/main/AndroidManifest.xml:22:13-56
40            android:enabled="true"
40-->src/main/AndroidManifest.xml:23:13-35
41            android:exported="true"
41-->src/main/AndroidManifest.xml:24:13-36
42            android:foregroundServiceType="mediaProjection"
42-->src/main/AndroidManifest.xml:26:13-60
43            android:process=":secure_engine" />
43-->src/main/AndroidManifest.xml:25:13-45
44
45        <activity
45-->src/main/AndroidManifest.xml:28:9-35:20
46            android:name="com.assistant.MainActivity"
46-->src/main/AndroidManifest.xml:29:13-54
47            android:exported="true" >
47-->src/main/AndroidManifest.xml:30:13-36
48            <intent-filter>
48-->src/main/AndroidManifest.xml:31:13-34:29
49                <action android:name="android.intent.action.MAIN" />
49-->src/main/AndroidManifest.xml:32:17-69
49-->src/main/AndroidManifest.xml:32:25-66
50
51                <category android:name="android.intent.category.LAUNCHER" />
51-->src/main/AndroidManifest.xml:33:17-77
51-->src/main/AndroidManifest.xml:33:27-74
52            </intent-filter>
53        </activity>
54        <activity
54-->src/main/AndroidManifest.xml:37:9-90
55            android:name="com.assistant.UpdateActivity"
55-->src/main/AndroidManifest.xml:37:19-62
56            android:exported="false" />
56-->src/main/AndroidManifest.xml:37:63-87
57        <activity
57-->src/main/AndroidManifest.xml:38:9-87
58            android:name="com.assistant.LogActivity"
58-->src/main/AndroidManifest.xml:38:19-59
59            android:exported="false" />
59-->src/main/AndroidManifest.xml:38:60-84
60        <activity
60-->src/main/AndroidManifest.xml:39:9-76
61            android:name="com.assistant.overlay.ErrorActivity"
61-->src/main/AndroidManifest.xml:39:19-48
62            android:exported="false" />
62-->src/main/AndroidManifest.xml:39:49-73
63
64        <provider
65            android:name="androidx.core.content.FileProvider"
65-->src/main/AndroidManifest.xml:42:13-62
66            android:authorities="com.assistant.overlay.provider"
66-->src/main/AndroidManifest.xml:43:13-60
67            android:exported="false"
67-->src/main/AndroidManifest.xml:44:13-37
68            android:grantUriPermissions="true" >
68-->src/main/AndroidManifest.xml:45:13-47
69            <meta-data
69-->src/main/AndroidManifest.xml:46:13-48:58
70                android:name="android.support.FILE_PROVIDER_PATHS"
70-->src/main/AndroidManifest.xml:47:17-67
71                android:resource="@xml/provider_paths" />
71-->src/main/AndroidManifest.xml:48:17-55
72        </provider>
73
74        <service
74-->[com.google.android.gms:play-services-mlkit-text-recognition-common:19.1.0] AndroidManifest.xml:9:9-15:19
75            android:name="com.google.mlkit.common.internal.MlKitComponentDiscoveryService"
75-->[com.google.android.gms:play-services-mlkit-text-recognition-common:19.1.0] AndroidManifest.xml:10:13-91
76            android:directBootAware="true"
76-->[com.google.mlkit:common:18.11.0] AndroidManifest.xml:17:13-43
77            android:exported="false" >
77-->[com.google.android.gms:play-services-mlkit-text-recognition-common:19.1.0] AndroidManifest.xml:11:13-37
78            <meta-data
78-->[com.google.android.gms:play-services-mlkit-text-recognition-common:19.1.0] AndroidManifest.xml:12:13-14:85
79                android:name="com.google.firebase.components:com.google.mlkit.vision.text.internal.TextRegistrar"
79-->[com.google.android.gms:play-services-mlkit-text-recognition-common:19.1.0] AndroidManifest.xml:13:17-114
80                android:value="com.google.firebase.components.ComponentRegistrar" />
80-->[com.google.android.gms:play-services-mlkit-text-recognition-common:19.1.0] AndroidManifest.xml:14:17-82
81            <meta-data
81-->[com.google.mlkit:vision-common:17.3.0] AndroidManifest.xml:12:13-14:85
82                android:name="com.google.firebase.components:com.google.mlkit.vision.common.internal.VisionCommonRegistrar"
82-->[com.google.mlkit:vision-common:17.3.0] AndroidManifest.xml:13:17-124
83                android:value="com.google.firebase.components.ComponentRegistrar" />
83-->[com.google.mlkit:vision-common:17.3.0] AndroidManifest.xml:14:17-82
84            <meta-data
84-->[com.google.mlkit:common:18.11.0] AndroidManifest.xml:20:13-22:85
85                android:name="com.google.firebase.components:com.google.mlkit.common.internal.CommonComponentRegistrar"
85-->[com.google.mlkit:common:18.11.0] AndroidManifest.xml:21:17-120
86                android:value="com.google.firebase.components.ComponentRegistrar" />
86-->[com.google.mlkit:common:18.11.0] AndroidManifest.xml:22:17-82
87        </service>
88
89        <provider
89-->[com.google.mlkit:common:18.11.0] AndroidManifest.xml:9:9-13:38
90            android:name="com.google.mlkit.common.internal.MlKitInitProvider"
90-->[com.google.mlkit:common:18.11.0] AndroidManifest.xml:10:13-78
91            android:authorities="com.assistant.overlay.mlkitinitprovider"
91-->[com.google.mlkit:common:18.11.0] AndroidManifest.xml:11:13-69
92            android:exported="false"
92-->[com.google.mlkit:common:18.11.0] AndroidManifest.xml:12:13-37
93            android:initOrder="99" />
93-->[com.google.mlkit:common:18.11.0] AndroidManifest.xml:13:13-35
94
95        <activity
95-->[com.google.android.gms:play-services-base:18.5.0] AndroidManifest.xml:5:9-173
96            android:name="com.google.android.gms.common.api.GoogleApiActivity"
96-->[com.google.android.gms:play-services-base:18.5.0] AndroidManifest.xml:5:19-85
97            android:exported="false"
97-->[com.google.android.gms:play-services-base:18.5.0] AndroidManifest.xml:5:146-170
98            android:theme="@android:style/Theme.Translucent.NoTitleBar" />
98-->[com.google.android.gms:play-services-base:18.5.0] AndroidManifest.xml:5:86-145
99
100        <meta-data
100-->[com.google.android.gms:play-services-basement:18.4.0] AndroidManifest.xml:6:9-122
101            android:name="com.google.android.gms.version"
101-->[com.google.android.gms:play-services-basement:18.4.0] AndroidManifest.xml:6:20-65
102            android:value="@integer/google_play_services_version" />
102-->[com.google.android.gms:play-services-basement:18.4.0] AndroidManifest.xml:6:66-119
103
104        <provider
104-->[androidx.emoji2:emoji2:1.2.0] AndroidManifest.xml:24:9-32:20
105            android:name="androidx.startup.InitializationProvider"
105-->[androidx.emoji2:emoji2:1.2.0] AndroidManifest.xml:25:13-67
106            android:authorities="com.assistant.overlay.androidx-startup"
106-->[androidx.emoji2:emoji2:1.2.0] AndroidManifest.xml:26:13-68
107            android:exported="false" >
107-->[androidx.emoji2:emoji2:1.2.0] AndroidManifest.xml:27:13-37
108            <meta-data
108-->[androidx.emoji2:emoji2:1.2.0] AndroidManifest.xml:29:13-31:52
109                android:name="androidx.emoji2.text.EmojiCompatInitializer"
109-->[androidx.emoji2:emoji2:1.2.0] AndroidManifest.xml:30:17-75
110                android:value="androidx.startup" />
110-->[androidx.emoji2:emoji2:1.2.0] AndroidManifest.xml:31:17-49
111            <meta-data
111-->[androidx.lifecycle:lifecycle-process:2.4.1] AndroidManifest.xml:31:13-33:52
112                android:name="androidx.lifecycle.ProcessLifecycleInitializer"
112-->[androidx.lifecycle:lifecycle-process:2.4.1] AndroidManifest.xml:32:17-78
113                android:value="androidx.startup" />
113-->[androidx.lifecycle:lifecycle-process:2.4.1] AndroidManifest.xml:33:17-49
114        </provider>
115
116        <service
116-->[com.google.android.datatransport:transport-backend-cct:2.3.3] AndroidManifest.xml:29:9-35:19
117            android:name="com.google.android.datatransport.runtime.backends.TransportBackendDiscovery"
117-->[com.google.android.datatransport:transport-backend-cct:2.3.3] AndroidManifest.xml:30:13-103
118            android:exported="false" >
118-->[com.google.android.datatransport:transport-backend-cct:2.3.3] AndroidManifest.xml:31:13-37
119            <meta-data
119-->[com.google.android.datatransport:transport-backend-cct:2.3.3] AndroidManifest.xml:32:13-34:39
120                android:name="backend:com.google.android.datatransport.cct.CctBackendFactory"
120-->[com.google.android.datatransport:transport-backend-cct:2.3.3] AndroidManifest.xml:33:17-94
121                android:value="cct" />
121-->[com.google.android.datatransport:transport-backend-cct:2.3.3] AndroidManifest.xml:34:17-36
122        </service>
123        <service
123-->[com.google.android.datatransport:transport-runtime:2.2.6] AndroidManifest.xml:26:9-30:19
124            android:name="com.google.android.datatransport.runtime.scheduling.jobscheduling.JobInfoSchedulerService"
124-->[com.google.android.datatransport:transport-runtime:2.2.6] AndroidManifest.xml:27:13-117
125            android:exported="false"
125-->[com.google.android.datatransport:transport-runtime:2.2.6] AndroidManifest.xml:28:13-37
126            android:permission="android.permission.BIND_JOB_SERVICE" >
126-->[com.google.android.datatransport:transport-runtime:2.2.6] AndroidManifest.xml:29:13-69
127        </service>
128
129        <receiver
129-->[com.google.android.datatransport:transport-runtime:2.2.6] AndroidManifest.xml:32:9-34:40
130            android:name="com.google.android.datatransport.runtime.scheduling.jobscheduling.AlarmManagerSchedulerBroadcastReceiver"
130-->[com.google.android.datatransport:transport-runtime:2.2.6] AndroidManifest.xml:33:13-132
131            android:exported="false" />
131-->[com.google.android.datatransport:transport-runtime:2.2.6] AndroidManifest.xml:34:13-37
132    </application>
133
134</manifest>